<?xml version="1.0" encoding="UTF-8"?>
<Site BuildName="(empty)"
	BuildStamp="20260312-0717-Experimental"
	Name="(empty)"
	Generator="ctest-3.31.10"
	CompilerName=""
	CompilerVersion=""
	OSName="Linux"
	Hostname="fedora.home"
	OSRelease="6.17.1-300.fc43.x86_64"
	OSVersion="#1 SMP PREEMPT_DYNAMIC Mon Oct  6 15:37:21 UTC 2025"
	OSPlatform="x86_64"
	Is64Bits="1"
	VendorString="GenuineIntel"
	VendorID="Intel Corporation"
	FamilyID="6"
	ModelID="140"
	ModelName="11th Gen Intel(R) Core(TM) i3-1115G4 @ 3.00GHz"
	ProcessorCacheSize="6144"
	NumberOfLogicalCPU="4"
	NumberOfPhysicalCPU="2"
	TotalVirtualMemory="8191"
	TotalPhysicalMemory="19773"
	LogicalProcessorsPerPhysical="2"
	ProcessorClockFrequency="3800.04"
	>
	<Testing>
		<StartDateTime>Mar 12 08:17 CET</StartDateTime>
		<StartTestTime>1773299866</StartTestTime>
		<TestList/>
		<EndDateTime>Mar 12 08:17 CET</EndDateTime>
		<EndTestTime>1773299866</EndTestTime>
		<ElapsedMinutes>0</ElapsedMinutes>
	</Testing>
</Site>
